Arguments: 
  /Users/jared/.nvm/versions/node/v8.4.0/bin/node /Users/jared/.config/yarn/global/node_modules/bolt/node_modules/.bin/yarn run -s build

PATH: 
  /Users/jared/.nvm/versions/node/v8.4.0/bin:/Users/jared/bin:/usr/local/bin:/usr/bin:/bin:/usr/sbin:/sbin:/Users/jared/bin:/Users/jared/go/bin:/Users/jared/go/bin

Yarn version: 
  1.5.1

Node version: 
  8.4.0

Platform: 
  darwin x64

npm manifest: 
  {
    "name": "module-template",
    "version": "1.0.0",
    "description": "\"Template for create new package\"",
    "main": "index.js",
    "scripts": {
      "test": "jest",
      "build": "npm-run-all -p build:*",
      "build:cjs": "cross-env  BABEL_ENV=cjs babel src --out-dir lib/cjs",
      "build:components":
        "cross-env BABEL_ENV=cjs babel src/components --out-dir .",
      "build:es": "cross-env BABEL_ENV=production babel src --out-dir lib/es"
    },
    "author": "",
    "license": "MIT"
  }

yarn manifest: 
  No manifest

Lockfile: 
  No lockfile

Trace: 
  Error: Command failed.
  Exit code: 127
  Command: sh
  Arguments: -c npm-run-all -p build:*
  Directory: /Users/jared/sedd/packages/module-template
  Output:
  
      at ProcessTermError.MessageError (/Users/jared/.config/yarn/global/node_modules/yarn/lib/cli.js:186:110)
      at new ProcessTermError (/Users/jared/.config/yarn/global/node_modules/yarn/lib/cli.js:226:113)
      at ChildProcess.<anonymous> (/Users/jared/.config/yarn/global/node_modules/yarn/lib/cli.js:30281:17)
      at emitTwo (events.js:125:13)
      at ChildProcess.emit (events.js:213:7)
      at maybeClose (internal/child_process.js:927:16)
      at Process.ChildProcess._handle.onexit (internal/child_process.js:211:5)
